build/outputs/logs/manifest-merger-debug-report.txt
-- Merging decision tree log ---
manifest
ADDED from AndroidMediaPlayerExample\AndroidManifest.xml:2:1-28:12
	xmlns:android
		ADDED from AndroidMediaPlayerExample\AndroidManifest.xml:2:11-69
	package
		ADDED from AndroidMediaPlayerExample\AndroidManifest.xml:3:5-58
	android:versionName
		ADDED from AndroidMediaPlayerExample\AndroidManifest.xml:5:5-30
		INJECTED from AndroidMediaPlayerExample\AndroidManifest.xml
		INJECTED from AndroidMediaPlayerExample\AndroidManifest.xml
	android:versionCode
		ADDED from AndroidMediaPlayerExample\AndroidManifest.xml:4:5-28
		INJECTED from AndroidMediaPlayerExample\AndroidManifest.xml
		INJECTED from AndroidMediaPlayerExample\AndroidManifest.xml
uses-sdk
ADDED from AndroidMediaPlayerExample\AndroidManifest.xml:7:5-9:41
	android:targetSdkVersion
		ADDED from AndroidMediaPlayerExample\AndroidManifest.xml:9:9-38
	android:minSdkVersion
		ADDED from AndroidMediaPlayerExample\AndroidManifest.xml:8:9-34
application
ADDED from AndroidMediaPlayerExample\AndroidManifest.xml:11:5-24:19
	android:label
		ADDED from AndroidMediaPlayerExample\AndroidManifest.xml:14:9-41
	android:allowBackup
		ADDED from AndroidMediaPlayerExample\AndroidManifest.xml:12:9-35
	android:icon
		ADDED from AndroidMediaPlayerExample\AndroidManifest.xml:13:9-45
activity#com.javacodegeeks.androidmediaplayerexample.AndroidMediaPlayerExample
ADDED from AndroidMediaPlayerExample\AndroidManifest.xml:15:9-23:20
	android:screenOrientation
		ADDED from AndroidMediaPlayerExample\AndroidManifest.xml:17:13-49
	android:label
		ADDED from AndroidMediaPlayerExample\AndroidManifest.xml:18:13-45
	android:name
		ADDED from AndroidMediaPlayerExample\AndroidManifest.xml:16:13-97
intent-filter#android.intent.action.MAIN+android.intent.category.LAUNCHER
ADDED from AndroidMediaPlayerExample\AndroidManifest.xml:19:13-22:29
action#android.intent.action.MAIN
ADDED from AndroidMediaPlayerExample\AndroidManifest.xml:20:17-69
	android:name
		ADDED from AndroidMediaPlayerExample\AndroidManifest.xml:20:25-66
category#android.intent.category.LAUNCHER
ADDED from AndroidMediaPlayerExample\AndroidManifest.xml:21:17-77
	android:name
		ADDED from AndroidMediaPlayerExample\AndroidManifest.xml:21:27-74
uses-permission#android.permission.WRITE_SETTINGS
ADDED from AndroidMediaPlayerExample\AndroidManifest.xml:25:5-72
	android:name
		ADDED from AndroidMediaPlayerExample\AndroidManifest.xml:25:22-70
uses-permission#android.permission.WRITE_SECURE_SETTINGS
ADDED from AndroidMediaPlayerExample\AndroidManifest.xml:26:5-79
	android:name
		ADDED from AndroidMediaPlayerExample\AndroidManifest.xml:26:22-77
uses-permission#android.permission.MODIFY_AUDIO_SETTINGS
ADDED from AndroidMediaPlayerExample\AndroidManifest.xml:27:5-80
	android:name
		ADDED from AndroidMediaPlayerExample\AndroidManifest.xml:27:22-77